1498505817121	geckodriver	INFO	Listening on 127.0.0.1:54526
1498505818659	geckodriver::marionette	INFO	Starting browser /Applications/Firefox.app/Contents/MacOS/firefox-bin with args ["-marionette"]
1498505824495	Marionette	INFO	Listening on port 54543
1498505824664	Marionette	WARN	TLS certificate errors will be ignored for this session
1498505825122	Marionette	DEBUG	loaded listener.js
2017-06-26 12:37:05.304 plugin-container[2642:3359478] *** CFMessagePort: bootstrap_register(): failed 1100 (0x44c) 'Permission denied', port = 0x973b, name = 'com.apple.tsm.portname'
See /usr/include/servers/bootstrap_defs.h for the error codes.
2017-06-26 12:37:05.306 plugin-container[2642:3359478] *** CFMessagePort: bootstrap_register(): failed 1100 (0x44c) 'Permission denied', port = 0x9a03, name = 'com.apple.CFPasteboardClient'
See /usr/include/servers/bootstrap_defs.h for the error codes.
1498505825674	Marionette	DEBUG	Received DOM event "beforeunload" for "about:blank"
1498505826838	Marionette	DEBUG	Received DOM event "pagehide" for "about:blank"
1498505826838	Marionette	DEBUG	Received DOM event "unload" for "about:blank"
JavaScript warning: http://demo-store.seleniumacademy.com/js/lib/jquery/jquery-1.10.2.min.js, line 1: Using //@ to indicate sourceMappingURL pragmas is deprecated. Use //# instead
1498505829950	Marionette	DEBUG	Received DOM event "DOMContentLoaded" for "http://demo-store.seleniumacademy.com/"
1498505832665	Marionette	DEBUG	Received DOM event "pageshow" for "http://demo-store.seleniumacademy.com/"
JavaScript warning: http://demo-store.seleniumacademy.com/js/lib/jquery/jquery-1.10.2.min.js, line 1: Using //@ to indicate sourceMappingURL pragmas is deprecated. Use //# instead
1498505834645	Marionette	INFO	New connections will no longer be accepted
1498505915078	geckodriver	INFO	Listening on 127.0.0.1:55275
1498505916280	geckodriver::marionette	INFO	Starting browser /Applications/Firefox.app/Contents/MacOS/firefox-bin with args ["-marionette"]
1498505919784	Marionette	INFO	Listening on port 55290
1498505919872	Marionette	WARN	TLS certificate errors will be ignored for this session
1498505920279	Marionette	DEBUG	loaded listener.js
2017-06-26 12:38:40.430 plugin-container[2676:3361141] *** CFMessagePort: bootstrap_register(): failed 1100 (0x44c) 'Permission denied', port = 0x9437, name = 'com.apple.tsm.portname'
See /usr/include/servers/bootstrap_defs.h for the error codes.
2017-06-26 12:38:40.431 plugin-container[2676:3361141] *** CFMessagePort: bootstrap_register(): failed 1100 (0x44c) 'Permission denied', port = 0x9703, name = 'com.apple.CFPasteboardClient'
See /usr/include/servers/bootstrap_defs.h for the error codes.
1498505920811	Marionette	DEBUG	Received DOM event "beforeunload" for "about:blank"
1498505921685	Marionette	DEBUG	Received DOM event "pagehide" for "about:blank"
1498505921686	Marionette	DEBUG	Received DOM event "unload" for "about:blank"
JavaScript warning: http://demo-store.seleniumacademy.com/js/lib/jquery/jquery-1.10.2.min.js, line 1: Using //@ to indicate sourceMappingURL pragmas is deprecated. Use //# instead
1498505925126	Marionette	DEBUG	Received DOM event "DOMContentLoaded" for "http://demo-store.seleniumacademy.com/"
1498505927904	Marionette	DEBUG	Received DOM event "pageshow" for "http://demo-store.seleniumacademy.com/"
JavaScript warning: http://demo-store.seleniumacademy.com/js/lib/jquery/jquery-1.10.2.min.js, line 1: Using //@ to indicate sourceMappingURL pragmas is deprecated. Use //# instead
1498505929534	Marionette	INFO	New connections will no longer be accepted
[Child 2676] WARNING: pipe error: Broken pipe: file /builds/slave/m-rel-m64-00000000000000000000/build/src/ipc/chromium/src/chrome/common/ipc_channel_posix.cc, line 702
1498506011321	geckodriver	INFO	Listening on 127.0.0.1:55956
1498506012655	geckodriver::marionette	INFO	Starting browser /Applications/Firefox.app/Contents/MacOS/firefox-bin with args ["-marionette"]
1498506016166	Marionette	INFO	Listening on port 55977
1498506016265	Marionette	WARN	TLS certificate errors will be ignored for this session
1498506016557	Marionette	DEBUG	loaded listener.js
2017-06-26 12:40:16.677 plugin-container[2769:3363483] *** CFMessagePort: bootstrap_register(): failed 1100 (0x44c) 'Permission denied', port = 0x963b, name = 'com.apple.tsm.portname'
See /usr/include/servers/bootstrap_defs.h for the error codes.
2017-06-26 12:40:16.679 plugin-container[2769:3363483] *** CFMessagePort: bootstrap_register(): failed 1100 (0x44c) 'Permission denied', port = 0x9903, name = 'com.apple.CFPasteboardClient'
See /usr/include/servers/bootstrap_defs.h for the error codes.
1498506017089	Marionette	DEBUG	Received DOM event "beforeunload" for "about:blank"
1498506018188	Marionette	DEBUG	Received DOM event "pagehide" for "about:blank"
1498506018189	Marionette	DEBUG	Received DOM event "unload" for "about:blank"
JavaScript warning: http://demo-store.seleniumacademy.com/js/lib/jquery/jquery-1.10.2.min.js, line 1: Using //@ to indicate sourceMappingURL pragmas is deprecated. Use //# instead
1498506021254	Marionette	DEBUG	Received DOM event "DOMContentLoaded" for "http://demo-store.seleniumacademy.com/"
1498506024679	Marionette	DEBUG	Received DOM event "pageshow" for "http://demo-store.seleniumacademy.com/"
JavaScript warning: http://demo-store.seleniumacademy.com/js/lib/jquery/jquery-1.10.2.min.js, line 1: Using //@ to indicate sourceMappingURL pragmas is deprecated. Use //# instead
1498506026606	Marionette	INFO	New connections will no longer be accepted
[Child 2769] WARNING: pipe error: Broken pipe: file /builds/slave/m-rel-m64-00000000000000000000/build/src/ipc/chromium/src/chrome/common/ipc_channel_posix.cc, line 702
[GFX1-]: Receive IPC close with reason=AbnormalShutdown
1498506205887	geckodriver	INFO	Listening on 127.0.0.1:56729
1498506207324	geckodriver::marionette	INFO	Starting browser /Applications/Firefox.app/Contents/MacOS/firefox-bin with args ["-marionette"]
1498506210907	Marionette	INFO	Listening on port 56742
1498506210995	Marionette	WARN	TLS certificate errors will be ignored for this session
1498506211309	Marionette	DEBUG	loaded listener.js
2017-06-26 12:43:31.418 plugin-container[2904:3367426] *** CFMessagePort: bootstrap_register(): failed 1100 (0x44c) 'Permission denied', port = 0x963b, name = 'com.apple.tsm.portname'
See /usr/include/servers/bootstrap_defs.h for the error codes.
2017-06-26 12:43:31.419 plugin-container[2904:3367426] *** CFMessagePort: bootstrap_register(): failed 1100 (0x44c) 'Permission denied', port = 0x9903, name = 'com.apple.CFPasteboardClient'
See /usr/include/servers/bootstrap_defs.h for the error codes.
1498506211878	Marionette	DEBUG	Received DOM event "beforeunload" for "about:blank"
1498506212835	Marionette	DEBUG	Received DOM event "pagehide" for "about:blank"
1498506212835	Marionette	DEBUG	Received DOM event "unload" for "about:blank"
JavaScript warning: http://demo-store.seleniumacademy.com/js/lib/jquery/jquery-1.10.2.min.js, line 1: Using //@ to indicate sourceMappingURL pragmas is deprecated. Use //# instead
1498506215689	Marionette	DEBUG	Received DOM event "DOMContentLoaded" for "http://demo-store.seleniumacademy.com/"
1498506219445	Marionette	DEBUG	Received DOM event "pageshow" for "http://demo-store.seleniumacademy.com/"
JavaScript warning: http://demo-store.seleniumacademy.com/js/lib/jquery/jquery-1.10.2.min.js, line 1: Using //@ to indicate sourceMappingURL pragmas is deprecated. Use //# instead
1498506221386	Marionette	INFO	New connections will no longer be accepted
[Child 2904] WARNING: pipe error: Broken pipe: file /builds/slave/m-rel-m64-00000000000000000000/build/src/ipc/chromium/src/chrome/common/ipc_channel_posix.cc, line 702
1498506408203	geckodriver	INFO	Listening on 127.0.0.1:57273
1498506409387	geckodriver::marionette	INFO	Starting browser /Applications/Firefox.app/Contents/MacOS/firefox-bin with args ["-marionette"]
1498506413372	Marionette	INFO	Listening on port 57286
1498506413500	Marionette	WARN	TLS certificate errors will be ignored for this session
1498506413910	Marionette	DEBUG	loaded listener.js
2017-06-26 12:46:54.063 plugin-container[2951:3369750] *** CFMessagePort: bootstrap_register(): failed 1100 (0x44c) 'Permission denied', port = 0x9637, name = 'com.apple.tsm.portname'
See /usr/include/servers/bootstrap_defs.h for the error codes.
2017-06-26 12:46:54.065 plugin-container[2951:3369750] *** CFMessagePort: bootstrap_register(): failed 1100 (0x44c) 'Permission denied', port = 0x9907, name = 'com.apple.CFPasteboardClient'
See /usr/include/servers/bootstrap_defs.h for the error codes.
1498506414468	Marionette	DEBUG	Received DOM event "beforeunload" for "about:blank"
1498506415641	Marionette	DEBUG	Received DOM event "pagehide" for "about:blank"
1498506415641	Marionette	DEBUG	Received DOM event "unload" for "about:blank"
JavaScript warning: http://demo-store.seleniumacademy.com/js/lib/jquery/jquery-1.10.2.min.js, line 1: Using //@ to indicate sourceMappingURL pragmas is deprecated. Use //# instead
1498506418423	Marionette	DEBUG	Received DOM event "DOMContentLoaded" for "http://demo-store.seleniumacademy.com/"
1498506422205	Marionette	DEBUG	Received DOM event "pageshow" for "http://demo-store.seleniumacademy.com/"
JavaScript warning: http://demo-store.seleniumacademy.com/js/lib/jquery/jquery-1.10.2.min.js, line 1: Using //@ to indicate sourceMappingURL pragmas is deprecated. Use //# instead
1498506424135	Marionette	INFO	New connections will no longer be accepted
[GFX1-]: Receive IPC close with reason=AbnormalShutdown
[Child 2951] WARNING: pipe error: Broken pipe: file /builds/slave/m-rel-m64-00000000000000000000/build/src/ipc/chromium/src/chrome/common/ipc_channel_posix.cc, line 702
1498506424459	geckodriver	INFO	Listening on 127.0.0.1:57429
1498506425518	geckodriver::marionette	INFO	Starting browser /Applications/Firefox.app/Contents/MacOS/firefox-bin with args ["-marionette"]
1498506428280	Marionette	INFO	Listening on port 57440
1498506428407	Marionette	WARN	TLS certificate errors will be ignored for this session
1498506428653	Marionette	DEBUG	loaded listener.js
2017-06-26 12:47:08.750 plugin-container[2966:3370554] *** CFMessagePort: bootstrap_register(): failed 1100 (0x44c) 'Permission denied', port = 0x963b, name = 'com.apple.tsm.portname'
See /usr/include/servers/bootstrap_defs.h for the error codes.
2017-06-26 12:47:08.751 plugin-container[2966:3370554] *** CFMessagePort: bootstrap_register(): failed 1100 (0x44c) 'Permission denied', port = 0x9a03, name = 'com.apple.CFPasteboardClient'
See /usr/include/servers/bootstrap_defs.h for the error codes.
1498506429127	Marionette	DEBUG	Received DOM event "beforeunload" for "about:blank"
1498506430196	Marionette	DEBUG	Received DOM event "pagehide" for "about:blank"
1498506430196	Marionette	DEBUG	Received DOM event "unload" for "about:blank"
JavaScript warning: http://demo-store.seleniumacademy.com/js/lib/jquery/jquery-1.10.2.min.js, line 1: Using //@ to indicate sourceMappingURL pragmas is deprecated. Use //# instead
1498506434092	Marionette	DEBUG	Received DOM event "DOMContentLoaded" for "http://demo-store.seleniumacademy.com/"
1498506436688	Marionette	DEBUG	Received DOM event "pageshow" for "http://demo-store.seleniumacademy.com/"
JavaScript warning: http://demo-store.seleniumacademy.com/js/lib/jquery/jquery-1.10.2.min.js, line 1: Using //@ to indicate sourceMappingURL pragmas is deprecated. Use //# instead
1498506438574	Marionette	INFO	New connections will no longer be accepted
[Child 2966] WARNING: pipe error: Broken pipe: file /builds/slave/m-rel-m64-00000000000000000000/build/src/ipc/chromium/src/chrome/common/ipc_channel_posix.cc, line 702
1498506467310	geckodriver	INFO	Listening on 127.0.0.1:57618
1498506468498	geckodriver::marionette	INFO	Starting browser /Applications/Firefox.app/Contents/MacOS/firefox-bin with args ["-marionette"]
1498506471803	Marionette	INFO	Listening on port 57633
1498506471912	Marionette	WARN	TLS certificate errors will be ignored for this session
1498506472193	Marionette	DEBUG	loaded listener.js
2017-06-26 12:47:52.308 plugin-container[3010:3371868] *** CFMessagePort: bootstrap_register(): failed 1100 (0x44c) 'Permission denied', port = 0x943b, name = 'com.apple.tsm.portname'
See /usr/include/servers/bootstrap_defs.h for the error codes.
2017-06-26 12:47:52.310 plugin-container[3010:3371868] *** CFMessagePort: bootstrap_register(): failed 1100 (0x44c) 'Permission denied', port = 0x9803, name = 'com.apple.CFPasteboardClient'
See /usr/include/servers/bootstrap_defs.h for the error codes.
1498506472668	Marionette	DEBUG	Received DOM event "beforeunload" for "about:blank"
1498506473739	Marionette	DEBUG	Received DOM event "pagehide" for "about:blank"
1498506473740	Marionette	DEBUG	Received DOM event "unload" for "about:blank"
JavaScript warning: http://demo-store.seleniumacademy.com/js/lib/jquery/jquery-1.10.2.min.js, line 1: Using //@ to indicate sourceMappingURL pragmas is deprecated. Use //# instead
1498506476492	Marionette	DEBUG	Received DOM event "DOMContentLoaded" for "http://demo-store.seleniumacademy.com/"
1498506479332	Marionette	DEBUG	Received DOM event "pageshow" for "http://demo-store.seleniumacademy.com/"
JavaScript warning: http://demo-store.seleniumacademy.com/js/lib/jquery/jquery-1.10.2.min.js, line 1: Using //@ to indicate sourceMappingURL pragmas is deprecated. Use //# instead
1498506480808	Marionette	INFO	New connections will no longer be accepted
